TN:
SF:src/config.ts
FN:3,getDBConfig
FNF:1
FNH:0
FNDA:0,getDBConfig
DA:3,0
DA:4,0
LF:2
LH:0
BRF:0
BRH:0
end_of_record
TN:
SF:src/server.ts
FN:14,(anonymous_8)
FN:21,(anonymous_9)
FN:30,(anonymous_10)
FN:34,(anonymous_11)
FN:39,applyGlobalMiddleware
FN:47,getAppLocals
FN:49,(anonymous_15)
FN:51,(anonymous_16)
FNF:8
FNH:0
FNDA:0,(anonymous_8)
FNDA:0,(anonymous_9)
FNDA:0,(anonymous_10)
FNDA:0,(anonymous_11)
FNDA:0,applyGlobalMiddleware
FNDA:0,getAppLocals
FNDA:0,(anonymous_15)
FNDA:0,(anonymous_16)
DA:1,0
DA:2,0
DA:4,0
DA:5,0
DA:6,0
DA:7,0
DA:9,0
DA:10,0
DA:11,0
DA:13,0
DA:15,0
DA:16,0
DA:21,0
DA:26,0
DA:27,0
DA:29,0
DA:30,0
DA:31,0
DA:35,0
DA:36,0
DA:40,0
DA:41,0
DA:42,0
DA:44,0
DA:48,0
DA:50,0
DA:51,0
DA:52,0
DA:54,0
LF:29
LH:0
BRF:0
BRH:0
end_of_record
TN:
SF:src/db/knexfile.ts
FN:10,fetchConfiguration
FN:12,(anonymous_10)
FNF:2
FNH:0
FNDA:0,fetchConfiguration
FNDA:0,(anonymous_10)
DA:3,0
DA:4,0
DA:5,0
DA:8,0
DA:10,0
DA:11,0
DA:13,0
LF:7
LH:0
BRF:0
BRH:0
end_of_record
TN:
SF:src/db/seed-utils.ts
FN:4,tenantFactory
FNF:1
FNH:0
FNDA:0,tenantFactory
DA:1,0
DA:4,0
DA:5,0
LF:3
LH:0
BRF:0
BRH:0
end_of_record
TN:
SF:src/db/migrations/20200830225704_initial-setup.ts
FN:3,up
FN:5,(anonymous_1)
FN:10,(anonymous_2)
FN:15,(anonymous_3)
FN:21,(anonymous_4)
FN:27,(anonymous_5)
FN:34,(anonymous_6)
FN:39,(anonymous_7)
FN:45,(anonymous_8)
FN:50,(anonymous_9)
FN:58,down
FNF:11
FNH:0
FNDA:0,up
FNDA:0,(anonymous_1)
FNDA:0,(anonymous_2)
FNDA:0,(anonymous_3)
FNDA:0,(anonymous_4)
FNDA:0,(anonymous_5)
FNDA:0,(anonymous_6)
FNDA:0,(anonymous_7)
FNDA:0,(anonymous_8)
FNDA:0,(anonymous_9)
FNDA:0,down
DA:3,0
DA:4,0
DA:6,0
DA:7,0
DA:8,0
DA:11,0
DA:12,0
DA:13,0
DA:16,0
DA:17,0
DA:18,0
DA:19,0
DA:22,0
DA:23,0
DA:24,0
DA:25,0
DA:28,0
DA:29,0
DA:30,0
DA:31,0
DA:32,0
DA:35,0
DA:36,0
DA:37,0
DA:40,0
DA:41,0
DA:42,0
DA:43,0
DA:46,0
DA:47,0
DA:48,0
DA:51,0
DA:52,0
DA:53,0
DA:54,0
DA:58,0
DA:59,0
LF:37
LH:0
BRF:0
BRH:0
end_of_record
TN:
SF:src/db/seeds/0_create-tenants.ts
FN:6,seed
FN:8,(anonymous_9)
FNF:2
FNH:0
FNDA:0,seed
FNDA:0,(anonymous_9)
DA:2,0
DA:4,0
DA:6,0
DA:7,0
DA:9,0
LF:5
LH:0
BRF:0
BRH:0
end_of_record
TN:
SF:src/graphql/context.ts
FN:4,context
FNF:1
FNH:0
FNDA:0,context
DA:4,0
DA:5,0
LF:2
LH:0
BRF:0
BRH:0
end_of_record
TN:
SF:src/graphql/resolvers.ts
FN:5,resolvers
FNF:1
FNH:0
FNDA:0,resolvers
DA:3,0
DA:5,0
DA:6,0
LF:3
LH:0
BRF:0
BRH:0
end_of_record
TN:
SF:src/graphql/type-defs.ts
FN:8,typeDefs
FN:10,(anonymous_10)
FNF:2
FNH:0
FNDA:0,typeDefs
FNDA:0,(anonymous_10)
DA:1,0
DA:2,0
DA:3,0
DA:8,0
DA:9,0
DA:10,0
LF:6
LH:0
BRF:0
BRH:0
end_of_record
TN:
SF:src/graphql/resolvers/clients.ts
FN:4,registerClient
FN:6,(anonymous_9)
FNF:2
FNH:0
FNDA:0,registerClient
FNDA:0,(anonymous_9)
DA:2,0
DA:4,0
DA:5,0
DA:7,0
DA:18,0
LF:5
LH:0
BRF:0
BRH:0
end_of_record
TN:
SF:src/graphql/type-defs/clients.ts
FNF:0
FNH:0
DA:1,0
DA:3,0
DA:21,0
LF:3
LH:0
BRF:0
BRH:0
end_of_record
TN:
SF:src/handlers/oauth2.ts
FN:3,authorizeHandler
FNF:1
FNH:0
FNDA:0,authorizeHandler
DA:3,0
DA:4,0
LF:2
LH:0
BRF:0
BRH:0
end_of_record
TN:
SF:src/interfaces/graphql-schema.ts
FN:92,(anonymous_0)
FN:110,(anonymous_1)
FNF:2
FNH:0
FNDA:0,(anonymous_0)
FNDA:0,(anonymous_1)
DA:92,0
DA:99,0
DA:107,0
DA:110,0
DA:111,0
DA:112,0
LF:6
LH:0
BRDA:92,0,0,0
BRDA:92,0,1,0
BRDA:110,1,0,0
BRDA:110,1,1,0
BRF:4
BRH:0
end_of_record
TN:
SF:src/middleware/authenticate.ts
FN:4,authenticateMiddleware
FNF:1
FNH:0
FNDA:0,authenticateMiddleware
DA:4,0
DA:5,0
DA:9,0
LF:3
LH:0
BRF:0
BRH:0
end_of_record
TN:
SF:src/router/index.ts
FNF:0
FNH:0
DA:1,0
DA:2,0
DA:4,0
DA:6,0
DA:9,0
LF:5
LH:0
BRF:0
BRH:0
end_of_record
TN:
SF:src/router/v1/index.ts
FNF:0
FNH:0
DA:1,0
DA:2,0
DA:4,0
DA:6,0
DA:9,0
LF:5
LH:0
BRF:0
BRH:0
end_of_record
TN:
SF:src/router/v1/oauth2.ts
FNF:0
FNH:0
DA:1,0
DA:2,0
DA:4,0
DA:6,0
DA:9,0
LF:5
LH:0
BRF:0
BRH:0
end_of_record
TN:
SF:src/utils/function.ts
FN:8,callTimes
FNF:1
FNH:1
FNDA:3,callTimes
DA:8,1
DA:9,3
DA:10,3
DA:11,8
DA:14,3
LF:5
LH:5
BRF:0
BRH:0
end_of_record
